#
# There is insufficient memory for the Java Runtime Environment to continue.
# Native memory allocation (mmap) failed to map 4161536 bytes for G1 virtual space
# Possible reasons:
#   The system is out of physical RAM or swap space
#   The process is running with CompressedOops enabled, and the Java Heap may be blocking the growth of the native heap
# Possible solutions:
#   Reduce memory load on the system
#   Increase physical memory or swap space
#   Check if swap backing store is full
#   Decrease Java heap size (-Xmx/-Xms)
#   Decrease number of Java threads
#   Decrease Java thread stack sizes (-Xss)
#   Set larger code cache with -XX:ReservedCodeCacheSize=
#   JVM is running with Zero Based Compressed Oops mode in which the Java heap is
#     placed in the first 32GB address space. The Java Heap base address is the
#     maximum limit for the native heap growth. Please use -XX:HeapBaseMinAddress
#     to set the Java Heap base and to place the Java Heap above 32GB virtual address.
# This output file may be truncated or incomplete.
#
#  Out of Memory Error (os_windows.cpp:3548), pid=7636, tid=16928
#
# JRE version:  (17.0.10+11) (build )
# Java VM: Java HotSpot(TM) 64-Bit Server VM (17.0.10+11-LTS-240, mixed mode, emulated-client, sharing, tiered, compressed oops, compressed class ptrs, g1 gc, windows-amd64)
# No core dump will be written. Minidumps are not enabled by default on client versions of Windows
#

---------------  S U M M A R Y ------------

Command Line: -agentlib:jdwp=transport=dt_socket,address=127.0.0.1:2305,suspend=y,server=n -XX:TieredStopAtLevel=1 -Dspring.output.ansi.enabled=always -Dcom.sun.management.jmxremote -Dspring.jmx.enabled=true -Dspring.liveBeansView.mbeanDomain -Dspring.application.admin.enabled=true -Dmanagement.endpoints.jmx.exposure.include=* -javaagent:C:\Users\Administrator\AppData\Local\JetBrains\IntelliJIdea2023.3\captureAgent\debugger-agent.jar -Dfile.encoding=UTF-8 com.example.demo.DemoApplication

Host: Intel(R) Core(TM) i7-10710U CPU @ 1.10GHz, 12 cores, 15G,  Windows 11 , 64 bit Build 26100 (10.0.26100.7019)
Time: Sat Nov 22 19:05:34 2025  Windows 11 , 64 bit Build 26100 (10.0.26100.7019) elapsed time: 1.154112 seconds (0d 0h 0m 1s)

---------------  T H R E A D  ---------------

Current thread (0x000002e2914765c0):  JavaThread "Unknown thread" [_thread_in_vm, id=16928, stack(0x000000f68a500000,0x000000f68a600000)]

Stack: [0x000000f68a500000,0x000000f68a600000]
Native frames: (J=compiled Java code, j=interpreted, Vv=VM code, C=native code)
V  [jvm.dll+0x677a5a]
V  [jvm.dll+0x7d8b2d]
V  [jvm.dll+0x7da48e]
V  [jvm.dll+0x7daaf3]
V  [jvm.dll+0x2455ff]
V  [jvm.dll+0x6749b9]
V  [jvm.dll+0x669382]
V  [jvm.dll+0x302e96]
V  [jvm.dll+0x30a416]
V  [jvm.dll+0x359cd3]
V  [jvm.dll+0x359eef]
V  [jvm.dll+0x2d9e88]
V  [jvm.dll+0x2dadf4]
V  [jvm.dll+0x7aa551]
V  [jvm.dll+0x367911]
V  [jvm.dll+0x789639]
V  [jvm.dll+0x3eb30f]
V  [jvm.dll+0x3ecd91]
C  [jli.dll+0x5297]
C  [ucrtbase.dll+0x37b0]
C  [KERNEL32.DLL+0x2e8d7]
C  [ntdll.dll+0x8c53c]


---------------  P R O C E S S  ---------------

Threads class SMR info:
_java_thread_list=0x00007ffe621f6a18, length=0, elements={
}

Java Threads: ( => current thread )

Other Threads:
  0x000002e28fb3e7b0 GCTaskThread "GC Thread#0" [stack: 0x000000f68a600000,0x000000f68a700000] [id=23084]
  0x000002e2914effa0 ConcurrentGCThread "G1 Main Marker" [stack: 0x000000f68a700000,0x000000f68a800000] [id=3612]
  0x000002e2914f1590 ConcurrentGCThread "G1 Conc#0" [stack: 0x000000f68a800000,0x000000f68a900000] [id=24296]

[error occurred during error reporting (printing all threads), id 0xc0000005, EXCEPTION_ACCESS_VIOLATION (0xc0000005) at pc=0x00007ffe61a2aae7]

VM state: not at safepoint (not fully initialized)

VM Mutex/Monitor currently owned by a thread:  ([mutex/lock_event])
[0x000002e2914729e0] Heap_lock - owner thread: 0x000002e2914765c0

Heap address: 0x0000000702a00000, size: 4054 MB, Compressed Oops mode: Zero based, Oop shift amount: 3

CDS archive(s) mapped at: [0x0000000000000000-0x0000000000000000-0x0000000000000000), size 0, SharedBaseAddress: 0x0000000800000000, ArchiveRelocationMode: 1.
Narrow klass base: 0x0000000000000000, Narrow klass shift: 0, Narrow klass range: 0x0

GC Precious Log:
<Empty>

Heap:
 garbage-first heap   total 0K, used 0K [0x0000000702a00000, 0x0000000800000000)
  region size 2048K, 0 young (0K), 0 survivors (0K)

[error occurred during error reporting (printing heap information), id 0xc0000005, EXCEPTION_ACCESS_VIOLATION (0xc0000005) at pc=0x00007ffe61e11249]

GC Heap History (0 events):
No events

Deoptimization events (0 events):
No events

Classes unloaded (0 events):
No events

Classes redefined (0 events):
No events

Internal exceptions (0 events):
No events

VM Operations (0 events):
No events

Events (2 events):
Event: 0.021 Loaded shared library C:\Java\bin\java.dll
Event: 0.024 Loaded shared library C:\Java\bin\zip.dll


Dynamic libraries:
0x00007ff7ce8e0000 - 0x00007ff7ce8f0000 	C:\Java\bin\java.exe
0x00007ffebb560000 - 0x00007ffebb7c8000 	C:\WINDOWS\SYSTEM32\ntdll.dll
0x00007ffeb99f0000 - 0x00007ffeb9ab9000 	C:\WINDOWS\System32\KERNEL32.DLL
0x00007ffeb88f0000 - 0x00007ffeb8ce8000 	C:\WINDOWS\System32\KERNELBASE.dll
0x00007ffeb86b0000 - 0x00007ffeb87fb000 	C:\WINDOWS\System32\ucrtbase.dll
0x00007ffeb3720000 - 0x00007ffeb3739000 	C:\Java\bin\jli.dll
0x00007ffeae900000 - 0x00007ffeae91b000 	C:\Java\bin\VCRUNTIME140.dll
0x00007ffeb9fa0000 - 0x00007ffeba054000 	C:\WINDOWS\System32\ADVAPI32.dll
0x00007ffeba560000 - 0x00007ffeba609000 	C:\WINDOWS\System32\msvcrt.dll
0x00007ffeb96c0000 - 0x00007ffeb9766000 	C:\WINDOWS\System32\sechost.dll
0x00007ffeb9300000 - 0x00007ffeb9418000 	C:\WINDOWS\System32\RPCRT4.dll
0x00007ffeba620000 - 0x00007ffeba7e7000 	C:\WINDOWS\System32\USER32.dll
0x00007ffeb8800000 - 0x00007ffeb8827000 	C:\WINDOWS\System32\win32u.dll
0x00007ffeb9690000 - 0x00007ffeb96bb000 	C:\WINDOWS\System32\GDI32.dll
0x00007ffe9a830000 - 0x00007ffe9aac4000 	C:\WINDOWS\WinSxS\amd64_microsoft.windows.common-controls_6595b64144ccf1df_6.0.26100.7019_none_3e06ffa0e335b8a8\COMCTL32.dll
0x00007ffeb9070000 - 0x00007ffeb919c000 	C:\WINDOWS\System32\gdi32full.dll
0x00007ffeb91a0000 - 0x00007ffeb9243000 	C:\WINDOWS\System32\msvcp_win.dll
0x00007ffeabd70000 - 0x00007ffeabd7b000 	C:\WINDOWS\SYSTEM32\VERSION.dll
0x00007ffeba870000 - 0x00007ffeba8a1000 	C:\WINDOWS\System32\IMM32.DLL
0x00007ffea70c0000 - 0x00007ffea70cc000 	C:\Java\bin\vcruntime140_1.dll
0x00007ffe816f0000 - 0x00007ffe8177e000 	C:\Java\bin\msvcp140.dll
0x00007ffe61740000 - 0x00007ffe6231f000 	C:\Java\bin\server\jvm.dll
0x00007ffeba500000 - 0x00007ffeba508000 	C:\WINDOWS\System32\PSAPI.DLL
0x00007ffea18c0000 - 0x00007ffea18f5000 	C:\WINDOWS\SYSTEM32\WINMM.dll
0x00007ffe959a0000 - 0x00007ffe959aa000 	C:\WINDOWS\SYSTEM32\WSOCK32.dll
0x00007ffeb9520000 - 0x00007ffeb9594000 	C:\WINDOWS\System32\WS2_32.dll
0x00007ffeb7450000 - 0x00007ffeb746b000 	C:\WINDOWS\SYSTEM32\kernel.appcore.dll
0x00007ffea32a0000 - 0x00007ffea32aa000 	C:\Java\bin\jimage.dll
0x00007ffeb5c30000 - 0x00007ffeb5e72000 	C:\WINDOWS\SYSTEM32\DBGHELP.DLL
0x00007ffebb190000 - 0x00007ffebb51b000 	C:\WINDOWS\System32\combase.dll
0x00007ffeb9ec0000 - 0x00007ffeb9f97000 	C:\WINDOWS\System32\OLEAUT32.dll
0x00007ffe96fb0000 - 0x00007ffe96fec000 	C:\WINDOWS\SYSTEM32\dbgcore.DLL
0x00007ffeb9250000 - 0x00007ffeb92f5000 	C:\WINDOWS\System32\bcryptPrimitives.dll
0x00007ffe99720000 - 0x00007ffe9975b000 	C:\Java\bin\jdwp.dll
0x00007ffea6c40000 - 0x00007ffea6c4e000 	C:\Java\bin\instrument.dll
0x00007ffe99630000 - 0x00007ffe99655000 	C:\Java\bin\java.dll
0x00007ffe98980000 - 0x00007ffe98998000 	C:\Java\bin\zip.dll

dbghelp: loaded successfully - version: 4.0.5 - missing functions: none
symbol engine: initialized successfully - sym options: 0x614 - pdb path: .;C:\Java\bin;C:\WINDOWS\SYSTEM32;C:\WINDOWS\WinSxS\amd64_microsoft.windows.common-controls_6595b64144ccf1df_6.0.26100.7019_none_3e06ffa0e335b8a8;C:\Java\bin\server

VM Arguments:
jvm_args: -agentlib:jdwp=transport=dt_socket,address=127.0.0.1:2305,suspend=y,server=n -XX:TieredStopAtLevel=1 -Dspring.output.ansi.enabled=always -Dcom.sun.management.jmxremote -Dspring.jmx.enabled=true -Dspring.liveBeansView.mbeanDomain -Dspring.application.admin.enabled=true -Dmanagement.endpoints.jmx.exposure.include=* -javaagent:C:\Users\Administrator\AppData\Local\JetBrains\IntelliJIdea2023.3\captureAgent\debugger-agent.jar -Dfile.encoding=UTF-8 
java_command: com.example.demo.DemoApplication
java_class_path (initial): D:\self\demo\target\classes;C:\Users\Administrator\.m2\repository\org\springframework\boot\spring-boot-starter\3.3.4\spring-boot-starter-3.3.4.jar;C:\Users\Administrator\.m2\repository\org\springframework\boot\spring-boot\3.3.4\spring-boot-3.3.4.jar;C:\Users\Administrator\.m2\repository\org\springframework\spring-context\6.1.13\spring-context-6.1.13.jar;C:\Users\Administrator\.m2\repository\org\springframework\boot\spring-boot-autoconfigure\3.3.4\spring-boot-autoconfigure-3.3.4.jar;C:\Users\Administrator\.m2\repository\org\springframework\boot\spring-boot-starter-logging\3.3.4\spring-boot-starter-logging-3.3.4.jar;C:\Users\Administrator\.m2\repository\ch\qos\logback\logback-classic\1.5.8\logback-classic-1.5.8.jar;C:\Users\Administrator\.m2\repository\ch\qos\logback\logback-core\1.5.8\logback-core-1.5.8.jar;C:\Users\Administrator\.m2\repository\org\apache\logging\log4j\log4j-to-slf4j\2.23.1\log4j-to-slf4j-2.23.1.jar;C:\Users\Administrator\.m2\repository\org\apache\logging\log4j\log4j-api\2.23.1\log4j-api-2.23.1.jar;C:\Users\Administrator\.m2\repository\org\slf4j\jul-to-slf4j\2.0.16\jul-to-slf4j-2.0.16.jar;C:\Users\Administrator\.m2\repository\jakarta\annotation\jakarta.annotation-api\2.1.1\jakarta.annotation-api-2.1.1.jar;C:\Users\Administrator\.m2\repository\org\springframework\spring-core\6.1.13\spring-core-6.1.13.jar;C:\Users\Administrator\.m2\repository\org\springframework\spring-jcl\6.1.13\spring-jcl-6.1.13.jar;C:\Users\Administrator\.m2\repository\org\yaml\snakeyaml\2.2\snakeyaml-2.2.jar;C:\Users\Administrator\.m2\repository\com\h2database\h2\2.2.224\h2-2.2.224.jar;C:\Users\Administrator\.m2\repository\org\springframework\boot\spring-boot-devtools\3.3.4\spring-boot-devtools-3.3.4.jar;C:\Users\Administrator\.m2\repository\org\projectlombok\lombok\1.18.34\lombok-1.18.34.jar;C:\Users\Administrator\.m2\repository\org\slf4j\slf4j-api\2.0.16\slf4j-api-2.0.16.jar;C:\Users\Administrator\.m2\repository\jakarta\xml\bind\jakarta.xml.bind-api\4
Launcher Type: SUN_STANDARD

[Global flags]
     intx CICompilerCount                          = 4                                         {product} {ergonomic}
     uint ConcGCThreads                            = 3                                         {product} {ergonomic}
     uint G1ConcRefinementThreads                  = 10                                        {product} {ergonomic}
   size_t G1HeapRegionSize                         = 2097152                                   {product} {ergonomic}
    uintx GCDrainStackTargetSize                   = 64                                        {product} {ergonomic}
   size_t InitialHeapSize                          = 266338304                                 {product} {ergonomic}
     bool ManagementServer                         = true                                      {product} {command line}
   size_t MarkStackSize                            = 4194304                                   {product} {ergonomic}
   size_t MaxHeapSize                              = 4250927104                                {product} {ergonomic}
   size_t MinHeapDeltaBytes                        = 2097152                                   {product} {ergonomic}
   size_t MinHeapSize                              = 8388608                                   {product} {ergonomic}
    uintx NonProfiledCodeHeapSize                  = 0                                      {pd product} {ergonomic}
     bool ProfileInterpreter                       = false                                  {pd product} {command line}
    uintx ProfiledCodeHeapSize                     = 0                                      {pd product} {ergonomic}
   size_t SoftMaxHeapSize                          = 4250927104                             {manageable} {ergonomic}
     intx TieredStopAtLevel                        = 1                                         {product} {command line}
     bool UseCompressedClassPointers               = true                           {product lp64_product} {ergonomic}
     bool UseCompressedOops                        = true                           {product lp64_product} {ergonomic}
     bool UseG1GC                                  = true                                      {product} {ergonomic}
     bool UseLargePagesIndividualAllocation        = false                                  {pd product} {ergonomic}

Logging:
Log output configuration:
 #0: stdout all=warning uptime,level,tags
 #1: stderr all=off uptime,level,tags

Environment Variables:
JAVA_HOME=C:\Java\jdk1.8.0_131
CLASSPATH=.;C:\Java\jdk1.8.0_131\lib\tools.jar;C:\Java\jdk1.8.0_131\lib\dt.jar;
PATH=C:\Program Files\Common Files\Oracle\Java\javapath;C:\Program Files (x86)\Common Files\Oracle\Java\javapath;C:\ProgramData\Oracle\Java\javapath;D:\Python\Python37\Scripts\;D:\Python\Python37\;D:\app\yzy\product\11.2.0\dbhome_1\bin;C:\Windows\system32;C:\Windows;C:\Windows\System32\Wbem;C:\Windows\System32\WindowsPowerShell\v1.0\;C:\Windows\System32\OpenSSH\;C:\Program Files\NVIDIA Corporation\NVIDIA NvDLISR;C:\Program Files\MySQL\MySQL Utilities 1.6\;D:\Program Files\Microsoft SQL Server\110\Tools\Binn\;D:\Program Files (x86)\Microsoft SQL Server\110\Tools\Binn\;D:\Program Files\Microsoft SQL Server\110\DTS\Binn\;D:\Program Files (x86)\Microsoft SQL Server\110\Tools\Binn\ManagementStudio\;D:\Program Files (x86)\Microsoft SQL Server\110\DTS\Binn\;D:\apache\maven\apache-maven-3.1.1\bin;D:\database\MangoDB\Server\4.2\bin;C:\Java\jdk1.8.0_131\bin;D:\apache\server\apache-tomcat-8.5.73\bin;C:\WINDOWS\system32;C:\WINDOWS;C:\WINDOWS\System32\Wbem;C:\WINDOWS\System32\WindowsPowerShell\v1.0\;C:\WINDOWS\System32\OpenSSH\;D:\Program Files\OpenSSH\bin;D:\development\service\nvm;D:\develop\nodejs;C:\Users\Administrator\.dnx\bin;C:\Program Files\Microsoft DNX\Dnvm\;C:\Program Files\Microsoft SQL Server\120\Tools\Binn\;D:\Program Files\TortoiseSVN\bin;D:\develop\Git\cmd;C:\Program Files (x86)\NVIDIA Corporation\PhysX\Common;D:\develop\python\Scripts\;D:\develop\python\;C:\Users\Administrator\AppData\Local\Microsoft\WindowsApps;%IntelliJ IDEA%;D:\development\webstorm\bin;;node_global;C:\Users\Administrator\AppData\Roaming\npm;D:\development\service\nvm;D:\develop\nodejs;D:\Program Files (x86)\Microsoft VS Code\bin;D:\Program Files\Huawei\DevEco Studio\bin;
USERNAME=Administrator
OS=Windows_NT
PROCESSOR_IDENTIFIER=Intel64 Family 6 Model 166 Stepping 0, GenuineIntel



---------------  S Y S T E M  ---------------

OS:
 Windows 11 , 64 bit Build 26100 (10.0.26100.7019)
OS uptime: 0 days 8:03 hours
Hyper-V role detected

CPU: total 12 (initial active 12) (6 cores per cpu, 2 threads per core) family 6 model 166 stepping 0 microcode 0xe0, cx8, cmov, fxsr, ht, mmx, 3dnowpref, sse, sse2, sse3, ssse3, sse4.1, sse4.2, popcnt, lzcnt, tsc, tscinvbit, avx, avx2, aes, erms, clmul, bmi1, bmi2, adx, fma, vzeroupper, clflush, clflushopt, hv

Memory: 4k page, system-wide physical 16214M (1500M free)
TotalPageFile size 29014M (AvailPageFile size 4M)
current process WorkingSet (physical memory assigned to process): 12M, peak: 12M
current process commit charge ("private bytes"): 314M, peak: 318M

vm_info: Java HotSpot(TM) 64-Bit Server VM (17.0.10+11-LTS-240) for windows-amd64 JRE (17.0.10+11-LTS-240), built on Dec 19 2023 21:47:25 by "mach5one" with MS VC++ 17.1 (VS2022)

END.
